I'm sorry, but an uncaught exception occurred.

While running game code:
  File "renpy/style.pyx", line 808, in renpy.style.rebuild
  File "game/editor_modules/visual_editor_screen.rpy", line 6619, in prepare_screen
    screen new_scene_modal():
  File "game/editor_modules/visual_editor_screen.rpy", line 6619, in prepare
    screen new_scene_modal():
  File "game/editor_modules/visual_editor_screen.rpy", line 6628, in prepare
    frame:
  File "game/editor_modules/visual_editor_screen.rpy", line 6628, in prepare
    frame:
  File "game/editor_modules/visual_editor_screen.rpy", line 6634, in prepare
    frame:
  File "game/editor_modules/visual_editor_screen.rpy", line 6634, in prepare
    frame:
  File "game/editor_modules/visual_editor_screen.rpy", line 6642, in prepare
    vbox:
  File "game/editor_modules/visual_editor_screen.rpy", line 6642, in prepare
    vbox:
  File "game/editor_modules/visual_editor_screen.rpy", line 6662, in prepare
    frame:
  File "game/editor_modules/visual_editor_screen.rpy", line 6662, in prepare
    frame:
  File "game/editor_modules/visual_editor_screen.rpy", line 6667, in prepare
    vbox:
  File "game/editor_modules/visual_editor_screen.rpy", line 6667, in prepare
    vbox:
  File "game/editor_modules/visual_editor_screen.rpy", line 6675, in prepare
    frame:
  File "game/editor_modules/visual_editor_screen.rpy", line 6675, in prepare
    frame:
  File "game/editor_modules/visual_editor_screen.rpy", line 6680, in prepare
    vbox:
  File "game/editor_modules/visual_editor_screen.rpy", line 6680, in prepare
    vbox:
  File "game/editor_modules/visual_editor_screen.rpy", line 6685, in prepare
    frame:
  File "game/editor_modules/visual_editor_screen.rpy", line 6685, in prepare
    frame:
  File "game/editor_modules/visual_editor_screen.rpy", line 6691, in prepare
    if scene_name_active and scene_name_active is not None:
  File "game/editor_modules/visual_editor_screen.rpy", line 6691, in prepare
    if scene_name_active and scene_name_active is not None:
  File "game/editor_modules/visual_editor_screen.rpy", line 6692, in prepare
    input:
  File "game/editor_modules/visual_editor_screen.rpy", line 6692, in prepare
    input:
  File "game/editor_modules/visual_editor_screen.rpy", line 6693, in <module>
    value FieldInputValue("new_scene_name")
          ~~~~~~~~~~~~~~~^^^^^^^^^^^^^^^^^^
TypeError: FieldInputValue.__init__() missing 1 required positional argument: 'field'

During handling of the above exception, another exception occurred:

Traceback (most recent call last):
  File "game/editor_modules/visual_editor_screen.rpy", line 6619, in prepare_screen
    screen new_scene_modal():
  File "game/editor_modules/visual_editor_screen.rpy", line 6619, in prepare
    screen new_scene_modal():
  File "game/editor_modules/visual_editor_screen.rpy", line 6628, in prepare
    frame:
  File "game/editor_modules/visual_editor_screen.rpy", line 6628, in prepare
    frame:
  File "game/editor_modules/visual_editor_screen.rpy", line 6634, in prepare
    frame:
  File "game/editor_modules/visual_editor_screen.rpy", line 6634, in prepare
    frame:
  File "game/editor_modules/visual_editor_screen.rpy", line 6642, in prepare
    vbox:
  File "game/editor_modules/visual_editor_screen.rpy", line 6642, in prepare
    vbox:
  File "game/editor_modules/visual_editor_screen.rpy", line 6662, in prepare
    frame:
  File "game/editor_modules/visual_editor_screen.rpy", line 6662, in prepare
    frame:
  File "game/editor_modules/visual_editor_screen.rpy", line 6667, in prepare
    vbox:
  File "game/editor_modules/visual_editor_screen.rpy", line 6667, in prepare
    vbox:
  File "game/editor_modules/visual_editor_screen.rpy", line 6675, in prepare
    frame:
  File "game/editor_modules/visual_editor_screen.rpy", line 6675, in prepare
    frame:
  File "game/editor_modules/visual_editor_screen.rpy", line 6680, in prepare
    vbox:
  File "game/editor_modules/visual_editor_screen.rpy", line 6680, in prepare
    vbox:
  File "game/editor_modules/visual_editor_screen.rpy", line 6685, in prepare
    frame:
  File "game/editor_modules/visual_editor_screen.rpy", line 6685, in prepare
    frame:
  File "game/editor_modules/visual_editor_screen.rpy", line 6691, in prepare
    if scene_name_active and scene_name_active is not None:
  File "game/editor_modules/visual_editor_screen.rpy", line 6691, in prepare
    if scene_name_active and scene_name_active is not None:
  File "game/editor_modules/visual_editor_screen.rpy", line 6692, in prepare
    input:
  File "game/editor_modules/visual_editor_screen.rpy", line 6692, in prepare
    input:
  File "game/editor_modules/visual_editor_screen.rpy", line 6693, in <module>
    value FieldInputValue("new_scene_name")
          ~~~~~~~~~~~~~~~^^^^^^^^^^^^^^^^^^
TypeError: FieldInputValue.__init__() missing 1 required positional argument: 'field'

-- Full Traceback ------------------------------------------------------------

Traceback (most recent call last):
  File "renpy/common/00start.rpy", line 201, in script
    python:
  File "renpy/ast.py", line 1187, in execute
    renpy.python.py_exec_bytecode(self.code.bytecode, self.hide, store=self.store)
    ~~~~~~~~~~~~~~~~~~~~~~~~~~~~~^^^^^^^^^^^^^^^^^^^^^^^^^^^^^^^^^^^^^^^^^^^^^^^^^
  File "renpy/python.py", line 1260, in py_exec_bytecode
    exec(bytecode, globals, locals)
    ~~~~^^^^^^^^^^^^^^^^^^^^^^^^^^^
  File "renpy/common/00start.rpy", line 202, in <module>
    _init_language()
    ~~~~~~~~~~~~~~^^
  File "renpy/common/00start.rpy", line 83, in _init_language
    renpy.change_language(language, force=True)
    ~~~~~~~~~~~~~~~~~~~~~^^^^^^^^^^^^^^^^^^^^^^
  File "renpy/translation/__init__.py", line 841, in change_language
    renpy.style.rebuild()
    ~~~~~~~~~~~~~~~~~~~^^
  File "renpy/style.pyx", line 808, in renpy.style.rebuild
  File "renpy/display/screen.py", line 1035, in prepare_screens
    s.ast.prepare_screen()
    ~~~~~~~~~~~~~~~~~~~~^^
  File "game/editor_modules/visual_editor_screen.rpy", line 6619, in prepare_screen
    screen new_scene_modal():
  File "game/editor_modules/visual_editor_screen.rpy", line 6619, in prepare
    screen new_scene_modal():
  File "game/editor_modules/visual_editor_screen.rpy", line 6628, in prepare
    frame:
  File "game/editor_modules/visual_editor_screen.rpy", line 6628, in prepare
    frame:
  File "game/editor_modules/visual_editor_screen.rpy", line 6634, in prepare
    frame:
  File "game/editor_modules/visual_editor_screen.rpy", line 6634, in prepare
    frame:
  File "game/editor_modules/visual_editor_screen.rpy", line 6642, in prepare
    vbox:
  File "game/editor_modules/visual_editor_screen.rpy", line 6642, in prepare
    vbox:
  File "game/editor_modules/visual_editor_screen.rpy", line 6662, in prepare
    frame:
  File "game/editor_modules/visual_editor_screen.rpy", line 6662, in prepare
    frame:
  File "game/editor_modules/visual_editor_screen.rpy", line 6667, in prepare
    vbox:
  File "game/editor_modules/visual_editor_screen.rpy", line 6667, in prepare
    vbox:
  File "game/editor_modules/visual_editor_screen.rpy", line 6675, in prepare
    frame:
  File "game/editor_modules/visual_editor_screen.rpy", line 6675, in prepare
    frame:
  File "game/editor_modules/visual_editor_screen.rpy", line 6680, in prepare
    vbox:
  File "game/editor_modules/visual_editor_screen.rpy", line 6680, in prepare
    vbox:
  File "game/editor_modules/visual_editor_screen.rpy", line 6685, in prepare
    frame:
  File "game/editor_modules/visual_editor_screen.rpy", line 6685, in prepare
    frame:
  File "game/editor_modules/visual_editor_screen.rpy", line 6691, in prepare
    if scene_name_active and scene_name_active is not None:
  File "game/editor_modules/visual_editor_screen.rpy", line 6691, in prepare
    if scene_name_active and scene_name_active is not None:
  File "game/editor_modules/visual_editor_screen.rpy", line 6692, in prepare
    input:
  File "game/editor_modules/visual_editor_screen.rpy", line 6692, in prepare
    input:
  File "renpy/python.py", line 1285, in py_eval_bytecode
    return eval(bytecode, globals, locals)
           ~~~~^^^^^^^^^^^^^^^^^^^^^^^^^^^
  File "game/editor_modules/visual_editor_screen.rpy", line 6693, in <module>
    value FieldInputValue("new_scene_name")
          ~~~~~~~~~~~~~~~^^^^^^^^^^^^^^^^^^
TypeError: FieldInputValue.__init__() missing 1 required positional argument: 'field'

During handling of the above exception, another exception occurred:

Traceback (most recent call last):
  File "renpy/bootstrap.py", line 376, in bootstrap
    renpy.main.main()
    ~~~~~~~~~~~~~~~^^
  File "renpy/main.py", line 614, in main
    run(restart)
    ~~~^^^^^^^^^
  File "renpy/main.py", line 137, in run
    renpy.execution.run_context(True)
    ~~~~~~~~~~~~~~~~~~~~~~~~~~~^^^^^^
  File "renpy/execution.py", line 1022, in run_context
    context.run()
    ~~~~~~~~~~~^^
  File "renpy/common/00start.rpy", line 201, in script
    python:
  File "renpy/common/00start.rpy", line 201, in script
    python:
  File "renpy/display/error.py", line 135, in report_exception
    renpy.game.invoke_in_new_context(
    ~~~~~~~~~~~~~~~~~~~~~~~~~~~~~~~~^
        call_exception_screen,
        ^^^^^^^^^^^^^^^^^^^^^^
    ...<4 lines>...
        ignore_action=ignore_action,
        ^^^^^^^^^^^^^^^^^^^^^^^^^^^^
    )
    ^
  File "renpy/game.py", line 301, in invoke_in_new_context
    return callable(*args, **kwargs)
           ~~~~~~~~^^^^^^^^^^^^^^^^^
  File "renpy/display/error.py", line 44, in call_exception_screen
    return renpy.ui.interact(mouse="screen", type="screen", suppress_overlay=True, suppress_underlay=True)
           ~~~~~~~~~~~~~~~~~^^^^^^^^^^^^^^^^^^^^^^^^^^^^^^^^^^^^^^^^^^^^^^^^^^^^^^^^^^^^^^^^^^^^^^^^^^^^^^
  File "renpy/ui.py", line 304, in interact
    rv = renpy.game.interface.interact(roll_forward=roll_forward, **kwargs)
         ~~~~~~~~~~~~~~~~~~~~~~~~~~~~~^^^^^^^^^^^^^^^^^^^^^^^^^^^^^^^^^^^^^
  File "renpy/display/core.py", line 2219, in interact
    repeat, rv = self.interact_core(
                 ~~~~~~~~~~~~~~~~~~^
        preloads=preloads,
        ^^^^^^^^^^^^^^^^^^
    ...<4 lines>...
        **kwargs,
        ^^^^^^^^^
    )  # type: ignore
    ^                
  File "renpy/display/core.py", line 2450, in interact_core
    renpy.display.screen.prepare_screens()
    ~~~~~~~~~~~~~~~~~~~~~~~~~~~~~~~~~~~~^^
  File "renpy/display/screen.py", line 1035, in prepare_screens
    s.ast.prepare_screen()
    ~~~~~~~~~~~~~~~~~~~~^^
  File "game/editor_modules/visual_editor_screen.rpy", line 6619, in prepare_screen
    screen new_scene_modal():
  File "game/editor_modules/visual_editor_screen.rpy", line 6619, in prepare
    screen new_scene_modal():
  File "game/editor_modules/visual_editor_screen.rpy", line 6628, in prepare
    frame:
  File "game/editor_modules/visual_editor_screen.rpy", line 6628, in prepare
    frame:
  File "game/editor_modules/visual_editor_screen.rpy", line 6634, in prepare
    frame:
  File "game/editor_modules/visual_editor_screen.rpy", line 6634, in prepare
    frame:
  File "game/editor_modules/visual_editor_screen.rpy", line 6642, in prepare
    vbox:
  File "game/editor_modules/visual_editor_screen.rpy", line 6642, in prepare
    vbox:
  File "game/editor_modules/visual_editor_screen.rpy", line 6662, in prepare
    frame:
  File "game/editor_modules/visual_editor_screen.rpy", line 6662, in prepare
    frame:
  File "game/editor_modules/visual_editor_screen.rpy", line 6667, in prepare
    vbox:
  File "game/editor_modules/visual_editor_screen.rpy", line 6667, in prepare
    vbox:
  File "game/editor_modules/visual_editor_screen.rpy", line 6675, in prepare
    frame:
  File "game/editor_modules/visual_editor_screen.rpy", line 6675, in prepare
    frame:
  File "game/editor_modules/visual_editor_screen.rpy", line 6680, in prepare
    vbox:
  File "game/editor_modules/visual_editor_screen.rpy", line 6680, in prepare
    vbox:
  File "game/editor_modules/visual_editor_screen.rpy", line 6685, in prepare
    frame:
  File "game/editor_modules/visual_editor_screen.rpy", line 6685, in prepare
    frame:
  File "game/editor_modules/visual_editor_screen.rpy", line 6691, in prepare
    if scene_name_active and scene_name_active is not None:
  File "game/editor_modules/visual_editor_screen.rpy", line 6691, in prepare
    if scene_name_active and scene_name_active is not None:
  File "game/editor_modules/visual_editor_screen.rpy", line 6692, in prepare
    input:
  File "game/editor_modules/visual_editor_screen.rpy", line 6692, in prepare
    input:
  File "renpy/python.py", line 1285, in py_eval_bytecode
    return eval(bytecode, globals, locals)
           ~~~~^^^^^^^^^^^^^^^^^^^^^^^^^^^
  File "game/editor_modules/visual_editor_screen.rpy", line 6693, in <module>
    value FieldInputValue("new_scene_name")
          ~~~~~~~~~~~~~~~^^^^^^^^^^^^^^^^^^
TypeError: FieldInputValue.__init__() missing 1 required positional argument: 'field'

Windows-11-10.0.26100-SP0 AMD64
Ren'Py 8.4.1.25072401
Ryn Editor - Editor Visual de Novelas 1.0
Tue Aug 19 16:10:07 2025
